
> vibe-generated-app@1.0.0 dev
> vite


  VITE v5.4.20  ready in 207 ms

  ➜  Local:   http://localhost:3000/
  ➜  Network: http://172.20.27.125:3000/
8:42:17 PM [vite] Pre-transform error: Transform failed with 1 error:
/home/workspace/src/components/Hero.jsx:315:9: ERROR: Expected "}" but found ")"
8:42:18 PM [vite] Internal server error: Transform failed with 1 error:
/home/workspace/src/components/Hero.jsx:315:9: ERROR: Expected "}" but found ")"
  Plugin: vite:esbuild
  File: /home/workspace/src/components/Hero.jsx:315:9
  
  Expected "}" but found ")"
  313|              style={{ width: p.size, height: p.size, background: p.color }}
  314|            />)
  315|          ))}
     |           ^
  316|        </div>
  317|  
  
      at failureErrorWithLog (/home/workspace/node_modules/esbuild/lib/main.js:1472:15)
      at /home/workspace/node_modules/esbuild/lib/main.js:755:50
      at responseCallbacks.<computed> (/home/workspace/node_modules/esbuild/lib/main.js:622:9)
      at handleIncomingPacket (/home/workspace/node_modules/esbuild/lib/main.js:677:12)
      at Socket.readFromStdout (/home/workspace/node_modules/esbuild/lib/main.js:600:7)
      at Socket.emit (node:events:508:28)
      at addChunk (node:internal/streams/readable:559:12)
      at readableAddChunkPushByteMode (node:internal/streams/readable:510:3)
      at Readable.push (node:internal/streams/readable:390:5)
      at Pipe.onStreamRead (node:internal/stream_base_commons:189:23)
8:42:18 PM [vite] Internal server error: Transform failed with 1 error:
/home/workspace/src/components/Hero.jsx:315:9: ERROR: Expected "}" but found ")"
  Plugin: vite:esbuild
  File: /home/workspace/src/components/Hero.jsx:315:9
  
  Expected "}" but found ")"
  313|              style={{ width: p.size, height: p.size, background: p.color }}
  314|            />)
  315|          ))}
     |           ^
  316|        </div>
  317|  
  
      at failureErrorWithLog (/home/workspace/node_modules/esbuild/lib/main.js:1472:15)
      at /home/workspace/node_modules/esbuild/lib/main.js:755:50
      at responseCallbacks.<computed> (/home/workspace/node_modules/esbuild/lib/main.js:622:9)
      at handleIncomingPacket (/home/workspace/node_modules/esbuild/lib/main.js:677:12)
      at Socket.readFromStdout (/home/workspace/node_modules/esbuild/lib/main.js:600:7)
      at Socket.emit (node:events:508:28)
      at addChunk (node:internal/streams/readable:559:12)
      at readableAddChunkPushByteMode (node:internal/streams/readable:510:3)
      at Readable.push (node:internal/streams/readable:390:5)
      at Pipe.onStreamRead (node:internal/stream_base_commons:189:23)
8:42:44 PM [vite] Internal server error: Transform failed with 1 error:
/home/workspace/src/components/Hero.jsx:315:9: ERROR: Expected "}" but found ")"
  Plugin: vite:esbuild
  File: /home/workspace/src/components/Hero.jsx:315:9
  
  Expected "}" but found ")"
  313|              style={{ width: p.size, height: p.size, background: p.color }}
  314|            />)
  315|          ))}
     |           ^
  316|        </div>
  317|  
  
      at failureErrorWithLog (/home/workspace/node_modules/esbuild/lib/main.js:1472:15)
      at /home/workspace/node_modules/esbuild/lib/main.js:755:50
      at responseCallbacks.<computed> (/home/workspace/node_modules/esbuild/lib/main.js:622:9)
      at handleIncomingPacket (/home/workspace/node_modules/esbuild/lib/main.js:677:12)
      at Socket.readFromStdout (/home/workspace/node_modules/esbuild/lib/main.js:600:7)
      at Socket.emit (node:events:508:28)
      at addChunk (node:internal/streams/readable:559:12)
      at readableAddChunkPushByteMode (node:internal/streams/readable:510:3)
      at Readable.push (node:internal/streams/readable:390:5)
      at Pipe.onStreamRead (node:internal/stream_base_commons:189:23)
